TCGA-A1-A0SB-01A-11R-A144-07
TCGA-A1-A0SD-01A-11R-A115-07
TCGA-A1-A0SE-01A-11R-A084-07
TCGA-A1-A0SF-01A-11R-A144-07
TCGA-A1-A0SI-01A-11R-A144-07
TCGA-A1-A0SJ-01A-11R-A084-07
TCGA-A1-A0SK-01A-12R-A084-07
TCGA-A1-A0SM-01A-11R-A084-07
TCGA-A1-A0SN-01A-11R-A144-07
TCGA-A1-A0SP-01A-11R-A084-07
TCGA-A1-A0SQ-01A-21R-A144-07
TCGA-A2-A04N-01A-11R-A115-07
TCGA-A2-A04P-01A-31R-A034-07
TCGA-A2-A04Q-01A-21R-A034-07
TCGA-A2-A04R-01A-41R-A109-07
TCGA-A2-A04T-01A-21R-A034-07
TCGA-A2-A04U-01A-11R-A115-07
TCGA-A2-A04V-01A-21R-A034-07
TCGA-A2-A04X-01A-21R-A034-07
TCGA-A2-A04Y-01A-21R-A034-07
TCGA-A2-A0CK-01A-11R-A22K-07
TCGA-A2-A0CL-01A-11R-A115-07
TCGA-A2-A0CM-01A-31R-A034-07
TCGA-A2-A0CO-01A-13R-A22K-07
TCGA-A2-A0CP-01A-11R-A034-07
TCGA-A2-A0CQ-01A-21R-A034-07
TCGA-A2-A0CR-01A-11R-A22K-07
TCGA-A2-A0CS-01A-11R-A115-07
TCGA-A2-A0CT-01A-31R-A056-07
TCGA-A2-A0CU-01A-12R-A034-07
TCGA-A2-A0CV-01A-31R-A115-07
TCGA-A2-A0CW-01A-21R-A115-07
TCGA-A2-A0D0-01A-11R-A00Z-07
TCGA-A2-A0D2-01A-21R-A034-07
TCGA-A2-A0D3-01A-11R-A115-07
TCGA-A2-A0D4-01A-11R-A00Z-07
TCGA-A2-A0EM-01A-11R-A034-07
TCGA-A2-A0EN-01A-13R-A084-07
TCGA-A2-A0EO-01A-11R-A034-07
TCGA-A2-A0EP-01A-52R-A22U-07
TCGA-A2-A0ER-01A-21R-A034-07
TCGA-A2-A0ES-01A-11R-A115-07
TCGA-A2-A0ET-01A-31R-A034-07
TCGA-A2-A0EU-01A-22R-A056-07
TCGA-A2-A0EV-01A-11R-A034-07
TCGA-A2-A0EW-01A-21R-A115-07
TCGA-A2-A0EX-01A-21R-A034-07
TCGA-A2-A0EY-01A-11R-A034-07
TCGA-A2-A0ST-01A-12R-A084-07
TCGA-A2-A0SU-01A-11R-A084-07
TCGA-A2-A0SV-01A-11R-A084-07
TCGA-A2-A0SW-01A-11R-A084-07
TCGA-A2-A0SX-01A-12R-A084-07
TCGA-A2-A0SY-01A-31R-A084-07
TCGA-A2-A0T0-01A-22R-A084-07
TCGA-A2-A0T2-01A-11R-A084-07
TCGA-A2-A0T3-01A-21R-A115-07
TCGA-A2-A0T4-01A-31R-A084-07
TCGA-A2-A0T5-01A-21R-A084-07
TCGA-A2-A0T6-01A-11R-A084-07
TCGA-A2-A0T7-01A-21R-A084-07
TCGA-A2-A0YC-01A-11R-A109-07
TCGA-A2-A0YD-01A-11R-A109-07
TCGA-A2-A0YF-01A-21R-A109-07
TCGA-A2-A0YG-01A-21R-A109-07
TCGA-A2-A0YH-01A-11R-A109-07
TCGA-A2-A0YI-01A-31R-A10J-07
TCGA-A2-A0YK-01A-22R-A109-07
TCGA-A2-A0YL-01A-21R-A109-07
TCGA-A2-A0YM-01A-11R-A109-07
TCGA-A2-A0YT-01A-11R-A109-07
TCGA-A2-A1FV-01A-11R-A13Q-07
TCGA-A2-A1FW-01A-11R-A13Q-07
TCGA-A2-A1FX-01A-11R-A13Q-07
TCGA-A2-A1FZ-01A-51R-A14D-07
TCGA-A2-A1G0-01A-11R-A13Q-07
TCGA-A2-A1G1-01A-21R-A13Q-07
TCGA-A2-A1G4-01A-11R-A13Q-07
TCGA-A2-A259-01A-11R-A16F-07
TCGA-A2-A25A-01A-12R-A16F-07
TCGA-A2-A25B-01A-11R-A169-07
TCGA-A2-A25C-01A-11R-A169-07
TCGA-A2-A25D-01A-12R-A16F-07
TCGA-A2-A25E-01A-11R-A169-07
TCGA-A2-A25F-01A-11R-A169-07
TCGA-A2-A3KC-01A-11R-A213-07
TCGA-A2-A3KD-01A-12R-A213-07
TCGA-A2-A3XS-01A-11R-A22U-07
TCGA-A2-A3XT-01A-11R-A22U-07
TCGA-A2-A3XU-01A-12R-A22U-07
TCGA-A2-A3XV-01A-21R-A239-07
TCGA-A2-A3XW-01A-11R-A239-07
TCGA-A2-A3XX-01A-21R-A239-07
TCGA-A2-A3XY-01A-11R-A239-07
TCGA-A2-A4RW-01A-21R-A266-07
TCGA-A2-A4RY-01A-31R-A266-07
TCGA-A2-A4S0-01A-21R-A266-07
TCGA-A2-A4S2-01A-12R-A266-07
TCGA-A2-A4S3-01A-21R-A266-07
TCGA-A7-A0CD-01A-11R-A00Z-07
TCGA-A7-A0CE-11A-21R-A089-07
TCGA-A7-A0CE-01A-11R-A00Z-07
TCGA-A7-A0CG-01A-12R-A056-07
TCGA-A7-A0CJ-01A-21R-A00Z-07
TCGA-A7-A0D9-11A-53R-A089-07
TCGA-A7-A0D9-01A-31R-A056-07
TCGA-A7-A0DA-01A-31R-A115-07
TCGA-A7-A0DB-11A-33R-A089-07
TCGA-A7-A0DB-01A-11R-A00Z-07
TCGA-A7-A13D-01A-13R-A12P-07
TCGA-A7-A13F-11A-42R-A12P-07
TCGA-A7-A13F-01A-11R-A12P-07
TCGA-A7-A13G-11A-51R-A13Q-07
TCGA-A7-A13G-01A-11R-A13Q-07
TCGA-A7-A13H-01A-11R-A22K-07
TCGA-A7-A26E-01A-11R-A169-07
TCGA-A7-A26F-01A-21R-A169-07
TCGA-A7-A26G-01A-21R-A169-07
TCGA-A7-A26H-01A-11R-A169-07
TCGA-A7-A26I-01A-11R-A169-07
TCGA-A7-A26J-01A-11R-A169-07
TCGA-A7-A2KD-01A-31R-A21T-07
TCGA-A7-A3IY-01A-21R-A21T-07
TCGA-A7-A3IZ-01A-11R-A213-07
TCGA-A7-A3J0-01A-11R-A213-07
TCGA-A7-A3J1-01A-11R-A213-07
TCGA-A7-A3RF-01A-11R-A22K-07
TCGA-A7-A425-01A-11R-A24H-07
TCGA-A7-A426-01A-22R-A24H-07
TCGA-A7-A4SA-01A-11R-A266-07
TCGA-A7-A4SB-01A-21R-A266-07
TCGA-A7-A4SD-01A-11R-A266-07
TCGA-A7-A4SE-01A-11R-A266-07
TCGA-A7-A4SF-01A-11R-A266-07
TCGA-A7-A5ZV-01A-11R-A28M-07
TCGA-A8-A06N-01A-11R-A00Z-07
TCGA-A8-A06O-01A-11R-A00Z-07
TCGA-A8-A06P-01A-11R-A00Z-07
TCGA-A8-A06Q-01A-11R-A034-07
TCGA-A8-A06R-01A-11R-A00Z-07
TCGA-A8-A06T-01A-11R-A00Z-07
TCGA-A8-A06U-01A-11R-A00Z-07
TCGA-A8-A06Y-01A-21R-A00Z-07
TCGA-A8-A06Z-01A-11R-A00Z-07
TCGA-A8-A075-01A-11R-A084-07
TCGA-A8-A076-01A-21R-A00Z-07
TCGA-A8-A079-01A-21R-A00Z-07
TCGA-A8-A07B-01A-11R-A00Z-07
TCGA-A8-A07E-01A-11R-A034-07
TCGA-A8-A07F-01A-11R-A00Z-07
TCGA-A8-A07G-01A-11R-A034-07
TCGA-A8-A07I-01A-11R-A00Z-07
TCGA-A8-A07J-01A-11R-A00Z-07
TCGA-A8-A07L-01A-11R-A00Z-07
TCGA-A8-A07O-01A-11R-A00Z-07
TCGA-A8-A07P-01A-11R-A00Z-07
TCGA-A8-A07R-01A-21R-A034-07
TCGA-A8-A07U-01A-11R-A034-07
TCGA-A8-A07W-01A-11R-A00Z-07
TCGA-A8-A081-01A-11R-A00Z-07
TCGA-A8-A082-01A-11R-A00Z-07
TCGA-A8-A083-01A-21R-A00Z-07
TCGA-A8-A084-01A-21R-A00Z-07
TCGA-A8-A085-01A-11R-A00Z-07
TCGA-A8-A086-01A-11R-A00Z-07
TCGA-A8-A08B-01A-11R-A00Z-07
TCGA-A8-A08G-01A-11R-A00Z-07
TCGA-A8-A08H-01A-21R-A00Z-07
TCGA-A8-A08I-01A-11R-A00Z-07
TCGA-A8-A08J-01A-11R-A00Z-07
TCGA-A8-A08L-01A-11R-A00Z-07
TCGA-A8-A08O-01A-21R-A056-07
TCGA-A8-A08R-01A-11R-A034-07
TCGA-A8-A08S-01A-11R-A034-07
TCGA-A8-A08T-01A-21R-A00Z-07
TCGA-A8-A08Z-01A-21R-A00Z-07
TCGA-A8-A090-01A-11R-A00Z-07
TCGA-A8-A091-01A-11R-A00Z-07
TCGA-A8-A092-01A-11R-A00Z-07
TCGA-A8-A093-01A-11R-A00Z-07
TCGA-A8-A094-01A-11R-A00Z-07
TCGA-A8-A095-01A-11R-A00Z-07
TCGA-A8-A096-01A-11R-A00Z-07
TCGA-A8-A097-01A-11R-A034-07
TCGA-A8-A099-01A-11R-A00Z-07
TCGA-A8-A09A-01A-11R-A00Z-07
TCGA-A8-A09B-01A-11R-A00Z-07
TCGA-A8-A09C-01A-11R-A00Z-07
TCGA-A8-A09D-01A-11R-A00Z-07
TCGA-A8-A09G-01A-21R-A00Z-07
TCGA-A8-A09I-01A-22R-A034-07
TCGA-A8-A09K-01A-11R-A00Z-07
TCGA-A8-A09M-01A-11R-A00Z-07
TCGA-A8-A09N-01A-11R-A00Z-07
TCGA-A8-A09Q-01A-11R-A00Z-07
TCGA-A8-A09R-01A-11R-A00Z-07
TCGA-A8-A09T-01A-11R-A00Z-07
TCGA-A8-A09Z-01A-11R-A00Z-07
TCGA-A8-A0A1-01A-11R-A00Z-07
TCGA-A8-A0A2-01A-11R-A034-07
TCGA-A8-A0A4-01A-11R-A00Z-07
TCGA-A8-A0A9-01A-11R-A00Z-07
TCGA-A8-A0AD-01A-11R-A056-07
TCGA-AC-A23C-01A-12R-A169-07
TCGA-AC-A23E-01A-11R-A157-07
TCGA-AC-A23G-01A-11R-A213-07
TCGA-AC-A23H-11A-12R-A157-07
TCGA-AC-A23H-01A-11R-A157-07
TCGA-AC-A2B8-01A-11R-A17B-07
TCGA-AC-A2BK-01A-11R-A21T-07
TCGA-AC-A2BM-01A-11R-A21T-07
TCGA-AC-A2FB-11A-13R-A17B-07
TCGA-AC-A2FB-01A-11R-A17B-07
TCGA-AC-A2FF-11A-13R-A17B-07
TCGA-AC-A2FF-01A-11R-A17B-07
TCGA-AC-A2FG-01A-11R-A17B-07
TCGA-AC-A2FK-01A-12R-A180-07
TCGA-AC-A2FO-01A-11R-A180-07
TCGA-AC-A2QH-01A-11R-A18M-07
TCGA-AC-A2QI-01A-12R-A19W-07
TCGA-AC-A2QJ-01A-12R-A19W-07
TCGA-AC-A3BB-01A-21R-A19W-07
TCGA-AC-A3HN-01A-11R-A213-07
TCGA-AC-A3OD-01A-11R-A21T-07
TCGA-AC-A3QP-01A-11R-A22U-07
TCGA-AC-A3TN-01A-11R-A22K-07
TCGA-AC-A3W5-01A-11R-A22K-07
TCGA-AC-A3W6-01A-12R-A22K-07
TCGA-AC-A3YI-01A-21R-A239-07
TCGA-AC-A5XS-01A-11R-A29R-07
TCGA-AC-A62Y-01A-11R-A29R-07
TCGA-AN-A04D-01A-21R-A034-07
TCGA-AN-A0AJ-01A-11R-A00Z-07
TCGA-AN-A0AK-01A-21R-A00Z-07
TCGA-AN-A0AL-01A-11R-A00Z-07
TCGA-AN-A0AM-01A-11R-A034-07
TCGA-AN-A0AS-01A-11R-A00Z-07
TCGA-AN-A0AT-01A-11R-A034-07
TCGA-AN-A0FF-01A-11R-A034-07
TCGA-AN-A0FK-01A-11R-A034-07
TCGA-AN-A0FL-01A-11R-A034-07
TCGA-AN-A0FN-01A-11R-A034-07
TCGA-AN-A0FS-01A-11R-A034-07
TCGA-AN-A0FT-01A-11R-A034-07
TCGA-AN-A0FW-01A-11R-A034-07
TCGA-AN-A0FX-01A-11R-A034-07
TCGA-AN-A0FY-01A-11R-A034-07
TCGA-AN-A0FZ-01A-11R-A034-07
TCGA-AN-A0XU-01A-11R-A109-07
TCGA-AO-A128-01A-11R-A10J-07
TCGA-AO-A1KO-01A-31R-A13Q-07
TCGA-AO-A1KP-01A-11R-A13Q-07
TCGA-AO-A1KR-01A-12R-A144-07
TCGA-AO-A1KS-01A-11R-A13Q-07
TCGA-AO-A1KT-01A-11R-A13Q-07
TCGA-AQ-A04H-01B-11R-A10J-07
TCGA-AQ-A04J-01A-02R-A034-07
TCGA-AQ-A04L-01B-21R-A10J-07
TCGA-AQ-A0Y5-01A-11R-A14M-07
TCGA-AQ-A1H2-01A-11R-A13Q-07
TCGA-AQ-A1H3-01A-31R-A13Q-07
TCGA-AQ-A54N-01A-11R-A266-07
TCGA-AQ-A54O-01A-11R-A266-07
TCGA-AR-A0TS-01A-11R-A115-07
TCGA-AR-A0TX-01A-11R-A084-07
TCGA-AR-A0TY-01A-12R-A115-07
TCGA-AR-A0U2-01A-11R-A109-07
TCGA-AR-A0U3-01A-11R-A109-07
TCGA-AR-A1AI-01A-11R-A12P-07
TCGA-AR-A1AK-01A-21R-A12P-07
TCGA-AR-A1AL-01A-21R-A12P-07
TCGA-AR-A1AM-01A-41R-A22K-07
TCGA-AR-A1AN-01A-11R-A12P-07
TCGA-AR-A1AO-01A-11R-A12P-07
TCGA-AR-A1AP-01A-11R-A12P-07
TCGA-AR-A1AQ-01A-11R-A12P-07
TCGA-AR-A1AR-01A-31R-A137-07
TCGA-AR-A1AS-01A-11R-A12P-07
TCGA-AR-A1AU-01A-11R-A12P-07
TCGA-AR-A1AV-01A-21R-A12P-07
TCGA-AR-A1AW-01A-21R-A12P-07
TCGA-AR-A1AX-01A-11R-A12P-07
TCGA-AR-A1AY-01A-21R-A12P-07
TCGA-AR-A24H-01A-11R-A169-07
TCGA-AR-A24K-01A-11R-A169-07
TCGA-AR-A24L-01A-11R-A169-07
TCGA-AR-A24M-01A-11R-A169-07
TCGA-AR-A24N-01A-11R-A169-07
TCGA-AR-A24O-01A-11R-A169-07
TCGA-AR-A24P-01A-11R-A169-07
TCGA-AR-A24R-01A-11R-A169-07
TCGA-AR-A24S-01A-11R-A169-07
TCGA-AR-A24T-01A-11R-A169-07
TCGA-AR-A2LE-01A-11R-A180-07
TCGA-AR-A2LK-01A-11R-A180-07
TCGA-AR-A2LM-01A-11R-A180-07
TCGA-AR-A2LN-01A-21R-A18M-07
TCGA-AR-A2LO-01A-31R-A18M-07
TCGA-AR-A2LQ-01A-22R-A18M-07
TCGA-B6-A0I2-01A-11R-A034-07
TCGA-B6-A0I5-01A-11R-A034-07
TCGA-B6-A0IA-01A-11R-A034-07
TCGA-B6-A0IB-01A-11R-A034-07
TCGA-B6-A0IC-01A-11R-A034-07
TCGA-B6-A0IG-01A-11R-A034-07
TCGA-B6-A0IH-01A-11R-A115-07
TCGA-B6-A0IM-01A-11R-A034-07
TCGA-B6-A0IN-01A-11R-A034-07
TCGA-B6-A0IO-01A-11R-A034-07
TCGA-B6-A0IP-01A-11R-A034-07
TCGA-B6-A0IQ-01A-11R-A034-07
TCGA-B6-A0RE-01A-11R-A056-07
TCGA-B6-A0RH-01A-21R-A115-07
TCGA-B6-A0RI-01A-11R-A056-07
TCGA-B6-A0RO-01A-22R-A084-07
TCGA-B6-A0RP-01A-21R-A084-07
TCGA-B6-A0RQ-01A-11R-A115-07
TCGA-B6-A0RT-01A-21R-A084-07
TCGA-B6-A0RU-01A-11R-A084-07
TCGA-B6-A0RV-01A-11R-A084-07
TCGA-B6-A0WS-01A-11R-A115-07
TCGA-B6-A0WT-01A-11R-A109-07
TCGA-B6-A0WV-01A-11R-A109-07
TCGA-B6-A0WW-01A-11R-A109-07
TCGA-B6-A0WX-01A-11R-A109-07
TCGA-B6-A0WY-01A-11R-A109-07
TCGA-B6-A0WZ-01A-11R-A109-07
TCGA-B6-A0X0-01A-21R-A115-07
TCGA-B6-A0X4-01A-11R-A109-07
TCGA-B6-A0X5-01A-21R-A109-07
TCGA-B6-A0X7-01A-11R-A10J-07
TCGA-B6-A1KC-01B-11R-A157-07
TCGA-B6-A1KF-01A-11R-A13Q-07
TCGA-B6-A1KI-01A-11R-A14M-07
TCGA-B6-A2IU-01A-32R-A18M-07
TCGA-BH-A0AU-11A-11R-A12P-07
TCGA-BH-A0AU-01A-11R-A12P-07
TCGA-BH-A0AV-01A-31R-A115-07
TCGA-BH-A0AW-01A-11R-A056-07
TCGA-BH-A0AY-11A-23R-A089-07
TCGA-BH-A0AY-01A-21R-A00Z-07
TCGA-BH-A0AZ-11A-22R-A12P-07
TCGA-BH-A0AZ-01A-21R-A12P-07
TCGA-BH-A0B0-01A-21R-A115-07
TCGA-BH-A0B3-11B-21R-A089-07
TCGA-BH-A0B3-01A-11R-A056-07
TCGA-BH-A0B4-01A-11R-A00Z-07
TCGA-BH-A0B5-11A-23R-A12P-07
TCGA-BH-A0B5-01A-11R-A12P-07
TCGA-BH-A0B6-01A-11R-A19W-07
TCGA-BH-A0B7-11A-34R-A115-07
TCGA-BH-A0B7-01A-12R-A115-07
TCGA-BH-A0B9-01A-11R-A056-07
TCGA-BH-A0BA-11A-22R-A19E-07
TCGA-BH-A0BA-01A-11R-A056-07
TCGA-BH-A0BC-11A-22R-A089-07
TCGA-BH-A0BC-01A-22R-A084-07
TCGA-BH-A0BD-01A-11R-A034-07
TCGA-BH-A0BF-01A-21R-A12P-07
TCGA-BH-A0BG-01A-11R-A115-07
TCGA-BH-A0BJ-11A-23R-A089-07
TCGA-BH-A0BJ-01A-11R-A056-07
TCGA-BH-A0BL-01A-11R-A115-07
TCGA-BH-A0BM-11A-12R-A089-07
TCGA-BH-A0BM-01A-11R-A056-07
TCGA-BH-A0BO-01A-23R-A12D-07
TCGA-BH-A0BP-01A-11R-A115-07
TCGA-BH-A0BQ-11A-33R-A115-07
TCGA-BH-A0BQ-01A-21R-A115-07
TCGA-BH-A0BR-01A-21R-A115-07
TCGA-BH-A0BS-11A-11R-A12P-07
TCGA-BH-A0BS-01A-11R-A12P-07
TCGA-BH-A0BV-11A-31R-A089-07
TCGA-BH-A0BV-01A-11R-A00Z-07
TCGA-BH-A0BW-11A-12R-A115-07
TCGA-BH-A0BW-01A-11R-A115-07
TCGA-BH-A0BZ-11A-61R-A12P-07
TCGA-BH-A0BZ-01A-31R-A12P-07
TCGA-BH-A0C0-11A-21R-A089-07
TCGA-BH-A0C0-01A-21R-A056-07
TCGA-BH-A0C1-01B-11R-A12D-07
TCGA-BH-A0C3-11A-23R-A12P-07
TCGA-BH-A0C3-01A-21R-A12P-07
TCGA-BH-A0C7-01B-11R-A115-07
TCGA-BH-A0DD-11A-23R-A12P-07
TCGA-BH-A0DD-01A-31R-A12P-07
TCGA-BH-A0DE-01A-11R-A115-07
TCGA-BH-A0DG-11A-43R-A12P-07
TCGA-BH-A0DG-01A-21R-A12P-07
TCGA-BH-A0DH-11A-31R-A089-07
TCGA-BH-A0DH-01A-11R-A084-07
TCGA-BH-A0DI-01A-21R-A12P-07
TCGA-BH-A0DK-11A-13R-A089-07
TCGA-BH-A0DK-01A-21R-A056-07
TCGA-BH-A0DO-11A-22R-A12D-07
TCGA-BH-A0DO-01B-11R-A12D-07
TCGA-BH-A0DP-11A-12R-A089-07
TCGA-BH-A0DP-01A-21R-A056-07
TCGA-BH-A0DQ-11A-12R-A089-07
TCGA-BH-A0DQ-01A-11R-A084-07
TCGA-BH-A0DS-01A-11R-A056-07
TCGA-BH-A0DT-11A-12R-A12D-07
TCGA-BH-A0DT-01A-21R-A12D-07
TCGA-BH-A0DV-11A-22R-A12P-07
TCGA-BH-A0DV-01A-21R-A12P-07
TCGA-BH-A0DX-01A-11R-A115-07
TCGA-BH-A0DZ-11A-22R-A089-07
TCGA-BH-A0DZ-01A-11R-A00Z-07
TCGA-BH-A0E0-11A-13R-A089-07
TCGA-BH-A0E0-01A-11R-A056-07
TCGA-BH-A0E1-11A-13R-A089-07
TCGA-BH-A0E1-01A-11R-A056-07
TCGA-BH-A0E2-01A-11R-A056-07
TCGA-BH-A0E6-01A-11R-A034-07
TCGA-BH-A0E7-01A-11R-A034-07
TCGA-BH-A0E9-01B-11R-A115-07
TCGA-BH-A0EA-01A-11R-A115-07
TCGA-BH-A0EI-01A-11R-A115-07
TCGA-BH-A0GY-01A-11R-A056-07
TCGA-BH-A0GZ-01A-11R-A056-07
TCGA-BH-A0H0-01A-11R-A056-07
TCGA-BH-A0H3-01A-11R-A12P-07
TCGA-BH-A0H5-11A-62R-A115-07
TCGA-BH-A0H5-01A-21R-A115-07
TCGA-BH-A0H6-01A-21R-A056-07
TCGA-BH-A0H7-11A-13R-A089-07
TCGA-BH-A0H7-01A-13R-A056-07
TCGA-BH-A0H9-11A-22R-A466-07
TCGA-BH-A0H9-01A-11R-A056-07
TCGA-BH-A0HA-11A-31R-A12P-07
TCGA-BH-A0HA-01A-11R-A12P-07
TCGA-BH-A0HB-01A-11R-A056-07
TCGA-BH-A0HI-01A-11R-A084-07
TCGA-BH-A0HK-11A-11R-A089-07
TCGA-BH-A0HK-01A-11R-A056-07
TCGA-BH-A0HO-01A-11R-A034-07
TCGA-BH-A0HP-01A-12R-A084-07
TCGA-BH-A0HQ-01A-11R-A034-07
TCGA-BH-A0HU-01A-11R-A034-07
TCGA-BH-A0HW-01A-11R-A034-07
TCGA-BH-A0HX-01A-21R-A056-07
TCGA-BH-A0HY-01A-11R-A056-07
TCGA-BH-A0RX-01A-21R-A084-07
TCGA-BH-A0W3-01A-11R-A109-07
TCGA-BH-A0W4-01A-11R-A109-07
TCGA-BH-A0W5-01A-11R-A109-07
TCGA-BH-A0W7-01A-11R-A115-07
TCGA-BH-A0WA-01A-11R-A109-07
TCGA-BH-A18F-01A-11R-A12D-07
TCGA-BH-A18G-01A-11R-A12D-07
TCGA-BH-A18H-01A-11R-A12D-07
TCGA-BH-A18I-01A-11R-A12D-07
TCGA-BH-A18J-11A-31R-A12D-07
TCGA-BH-A18J-01A-11R-A12D-07
TCGA-BH-A18L-11A-42R-A12D-07
TCGA-BH-A18L-01A-32R-A12D-07
TCGA-BH-A18M-11A-33R-A12D-07
TCGA-BH-A18M-01A-11R-A12D-07
TCGA-BH-A18N-11A-43R-A12D-07
TCGA-BH-A18N-01A-11R-A12D-07
TCGA-BH-A18P-11A-43R-A12D-07
TCGA-BH-A18P-01A-11R-A12D-07
TCGA-BH-A18Q-11A-34R-A12D-07
TCGA-BH-A18Q-01A-12R-A12D-07
TCGA-BH-A18S-11A-43R-A12D-07
TCGA-BH-A18S-01A-11R-A12D-07
TCGA-BH-A18T-01A-11R-A12D-07
TCGA-BH-A18U-11A-23R-A12D-07
TCGA-BH-A18U-01A-21R-A12D-07
TCGA-BH-A18V-11A-52R-A12D-07
TCGA-BH-A18V-06A-11R-A213-07
TCGA-BH-A18V-01A-11R-A12D-07
TCGA-BH-A1EO-11A-31R-A137-07
TCGA-BH-A1EO-01A-11R-A137-07
TCGA-BH-A1ES-06A-12R-A24H-07
TCGA-BH-A1ES-01A-11R-A137-07
TCGA-BH-A1ET-11B-23R-A137-07
TCGA-BH-A1ET-01A-11R-A137-07
TCGA-BH-A1EU-11A-23R-A137-07
TCGA-BH-A1EU-01A-11R-A137-07
TCGA-BH-A1EV-11A-24R-A137-07
TCGA-BH-A1EV-01A-11R-A137-07
TCGA-BH-A1EX-01A-11R-A13Q-07
TCGA-BH-A1EY-01A-11R-A13Q-07
TCGA-BH-A1F0-11B-23R-A137-07
TCGA-BH-A1F0-01A-11R-A137-07
TCGA-BH-A1F2-11A-32R-A13Q-07
TCGA-BH-A1F2-01A-31R-A13Q-07
TCGA-BH-A1F5-01A-12R-A13Q-07
TCGA-BH-A1F6-11B-94R-A13Q-07
TCGA-BH-A1F6-01A-11R-A13Q-07
TCGA-BH-A1F8-11B-21R-A13Q-07
TCGA-BH-A1F8-01A-11R-A13Q-07
TCGA-BH-A1FC-11A-32R-A13Q-07
TCGA-BH-A1FC-01A-11R-A13Q-07
TCGA-BH-A1FE-11B-14R-A13Q-07
TCGA-BH-A1FE-06A-11R-A213-07
TCGA-BH-A1FE-01A-11R-A13Q-07
TCGA-BH-A1FG-11B-12R-A13Q-07
TCGA-BH-A1FG-01A-11R-A13Q-07
TCGA-BH-A1FH-11B-42R-A13Q-07
TCGA-BH-A1FH-01A-12R-A13Q-07
TCGA-BH-A1FL-01A-11R-A13Q-07
TCGA-BH-A1FM-11B-23R-A13Q-07
TCGA-BH-A1FM-01A-11R-A13Q-07
TCGA-BH-A1FN-11A-34R-A13Q-07
TCGA-BH-A1FN-01A-11R-A13Q-07
TCGA-BH-A1FR-11B-42R-A13Q-07
TCGA-BH-A1FR-01A-11R-A13Q-07
TCGA-BH-A201-01A-11R-A14M-07
TCGA-BH-A202-01A-11R-A14M-07
TCGA-BH-A209-11A-42R-A157-07
TCGA-BH-A209-01A-11R-A157-07
TCGA-BH-A28O-01A-11R-A22K-07
TCGA-BH-A28Q-01A-11R-A16F-07
TCGA-BH-A42T-01A-11R-A24H-07
TCGA-BH-A42V-01A-11R-A24H-07
TCGA-C8-A12K-01A-21R-A115-07
TCGA-C8-A12M-01A-11R-A115-07
TCGA-C8-A12N-01A-11R-A115-07
TCGA-C8-A12O-01A-11R-A115-07
TCGA-C8-A12T-01A-11R-A115-07
TCGA-C8-A12U-01A-11R-A115-07
TCGA-C8-A12V-01A-11R-A115-07
TCGA-C8-A12W-01A-11R-A115-07
TCGA-C8-A12X-01A-11R-A115-07
TCGA-C8-A130-01A-31R-A115-07
TCGA-C8-A131-01A-11R-A115-07
TCGA-C8-A132-01A-31R-A115-07
TCGA-C8-A133-01A-32R-A12D-07
TCGA-C8-A134-01A-11R-A115-07
TCGA-C8-A138-01A-11R-A115-07
TCGA-C8-A1HE-01A-11R-A13Q-07
TCGA-C8-A1HG-01A-11R-A137-07
TCGA-C8-A1HI-01A-11R-A137-07
TCGA-C8-A1HJ-01A-11R-A13Q-07
TCGA-C8-A1HL-01A-11R-A137-07
TCGA-C8-A1HM-01A-12R-A137-07
TCGA-C8-A1HN-01A-11R-A137-07
TCGA-C8-A1HO-01A-11R-A13Q-07
TCGA-C8-A26V-01A-11R-A16F-07
TCGA-C8-A26W-01A-11R-A16F-07
TCGA-C8-A26Z-01A-11R-A16F-07
TCGA-C8-A273-01A-11R-A16F-07
TCGA-C8-A274-01A-11R-A16F-07
TCGA-C8-A27A-01A-11R-A169-07
TCGA-C8-A27B-01A-11R-A169-07
TCGA-C8-A3M8-01A-11R-A213-07
TCGA-D8-A13Y-01A-11R-A115-07
TCGA-D8-A140-01A-11R-A115-07
TCGA-D8-A141-01A-11R-A115-07
TCGA-D8-A142-01A-11R-A115-07
TCGA-D8-A143-01A-11R-A115-07
TCGA-D8-A145-01A-11R-A115-07
TCGA-D8-A146-01A-31R-A115-07
TCGA-D8-A147-01A-11R-A115-07
TCGA-D8-A1J8-01A-11R-A13Q-07
TCGA-D8-A1J9-01A-11R-A13Q-07
TCGA-D8-A1JB-01A-11R-A13Q-07
TCGA-D8-A1JC-01A-11R-A13Q-07
TCGA-D8-A1JD-01A-11R-A13Q-07
TCGA-D8-A1JE-01A-11R-A13Q-07
TCGA-D8-A1JH-01A-11R-A13Q-07
TCGA-D8-A1JI-01A-11R-A13Q-07
TCGA-D8-A1JJ-01A-31R-A14M-07
TCGA-D8-A1JK-01A-11R-A13Q-07
TCGA-D8-A1JL-01A-11R-A13Q-07
TCGA-D8-A1JN-01A-11R-A13Q-07
TCGA-D8-A1JP-01A-11R-A13Q-07
TCGA-D8-A1JS-01A-11R-A13Q-07
TCGA-D8-A1JT-01A-31R-A13Q-07
TCGA-D8-A1JU-01A-11R-A13Q-07
TCGA-D8-A1X5-01A-11R-A14D-07
TCGA-D8-A1X6-01A-11R-A14M-07
TCGA-D8-A1X7-01A-11R-A14M-07
TCGA-D8-A1X8-01A-11R-A14M-07
TCGA-D8-A1X9-01A-12R-A157-07
TCGA-D8-A1XA-01A-11R-A14D-07
TCGA-D8-A1XB-01A-11R-A14D-07
TCGA-D8-A1XC-01A-11R-A14D-07
TCGA-D8-A1XF-01A-11R-A14D-07
TCGA-D8-A1XG-01A-11R-A14D-07
TCGA-D8-A1XJ-01A-11R-A14M-07
TCGA-D8-A1XK-01A-21R-A14M-07
TCGA-D8-A1XL-01A-11R-A14M-07
TCGA-D8-A1XM-01A-21R-A14M-07
TCGA-D8-A1XO-01A-11R-A14M-07
TCGA-D8-A1XQ-01A-11R-A14M-07
TCGA-D8-A1XR-01A-11R-A14M-07
TCGA-D8-A1XS-01A-11R-A14M-07
TCGA-D8-A1XU-01A-11R-A14M-07
TCGA-D8-A1XV-01A-11R-A14M-07
TCGA-D8-A1XY-01A-11R-A14M-07
TCGA-D8-A1XZ-01A-11R-A14M-07
TCGA-D8-A1Y0-01A-11R-A14M-07
TCGA-D8-A1Y1-01A-21R-A14M-07
TCGA-D8-A1Y2-01A-11R-A157-07
TCGA-D8-A1Y3-01A-11R-A157-07
TCGA-D8-A27E-01A-11R-A16F-07
TCGA-D8-A27F-01A-11R-A16F-07
TCGA-D8-A27G-01A-11R-A16F-07
TCGA-D8-A27H-01A-11R-A16F-07
TCGA-D8-A27I-01A-11R-A16F-07
TCGA-D8-A27K-01A-11R-A16F-07
TCGA-D8-A27L-01A-11R-A16F-07
TCGA-D8-A27M-01A-11R-A16F-07
TCGA-D8-A27N-01A-11R-A16F-07
TCGA-D8-A27P-01A-11R-A16F-07
TCGA-D8-A27R-01A-11R-A16F-07
TCGA-D8-A27T-01A-11R-A16F-07
TCGA-D8-A27V-01A-12R-A17B-07
TCGA-D8-A27W-01A-11R-A16F-07
TCGA-D8-A3Z5-01A-41R-A24H-07
TCGA-D8-A3Z6-01A-11R-A239-07
TCGA-D8-A4Z1-01A-21R-A266-07
TCGA-E2-A105-01A-11R-A10J-07
TCGA-E2-A107-01A-11R-A10J-07
TCGA-E2-A108-01A-13R-A10J-07
TCGA-E2-A109-01A-11R-A10J-07
TCGA-E2-A10A-01A-21R-A115-07
TCGA-E2-A10B-01A-11R-A10J-07
TCGA-E2-A10C-01A-21R-A10J-07
TCGA-E2-A10E-01A-21R-A10J-07
TCGA-E2-A10F-01A-11R-A10J-07
TCGA-E2-A14N-01A-31R-A137-07
TCGA-E2-A14O-01A-31R-A115-07
TCGA-E2-A14Q-01A-11R-A12D-07
TCGA-E2-A14R-01A-11R-A115-07
TCGA-E2-A14S-01A-11R-A12D-07
TCGA-E2-A14T-01A-11R-A115-07
TCGA-E2-A14U-01A-11R-A22K-07
TCGA-E2-A14V-01A-11R-A12D-07
TCGA-E2-A14W-01A-11R-A12D-07
TCGA-E2-A14X-01A-11R-A115-07
TCGA-E2-A14Z-01A-11R-A115-07
TCGA-E2-A150-01A-11R-A12D-07
TCGA-E2-A152-01A-11R-A12D-07
TCGA-E2-A153-11A-31R-A12D-07
TCGA-E2-A153-01A-12R-A12D-07
TCGA-E2-A154-01A-11R-A115-07
TCGA-E2-A155-01A-11R-A12D-07
TCGA-E2-A156-01A-11R-A12D-07
TCGA-E2-A158-11A-22R-A12D-07
TCGA-E2-A158-01A-11R-A12D-07
TCGA-E2-A159-01A-11R-A115-07
TCGA-E2-A15A-06A-11R-A12D-07
TCGA-E2-A15A-01A-11R-A12D-07
TCGA-E2-A15C-01A-31R-A12D-07
TCGA-E2-A15D-01A-11R-A115-07
TCGA-E2-A15E-06A-11R-A12D-07
TCGA-E2-A15E-01A-11R-A12D-07
TCGA-E2-A15F-01A-11R-A115-07
TCGA-E2-A15G-01A-11R-A12D-07
TCGA-E2-A15H-01A-11R-A12D-07
TCGA-E2-A15I-11A-32R-A137-07
TCGA-E2-A15I-01A-21R-A137-07
TCGA-E2-A15K-11A-13R-A12P-07
TCGA-E2-A15K-06A-11R-A12P-07
TCGA-E2-A15K-01A-11R-A12P-07
TCGA-E2-A15L-01A-11R-A12D-07
TCGA-E2-A15M-11A-22R-A12D-07
TCGA-E2-A15M-01A-11R-A12D-07
TCGA-E2-A15O-01A-11R-A115-07
TCGA-E2-A15P-01A-11R-A115-07
TCGA-E2-A15R-01A-11R-A115-07
TCGA-E2-A15S-01A-11R-A115-07
TCGA-E2-A15T-01A-11R-A115-07
TCGA-E2-A1AZ-01A-11R-A12P-07
TCGA-E2-A1B1-01A-21R-A12P-07
TCGA-E2-A1B4-01A-11R-A12P-07
TCGA-E2-A1B5-01A-21R-A12P-07
TCGA-E2-A1B6-01A-31R-A12P-07
TCGA-E2-A1BC-11A-32R-A12P-07
TCGA-E2-A1BC-01A-11R-A12P-07
TCGA-E2-A1BD-01A-11R-A12P-07
TCGA-E2-A1IE-01A-11R-A13Q-07
TCGA-E2-A1IF-01A-11R-A144-07
TCGA-E2-A1IG-11A-22R-A144-07
TCGA-E2-A1IG-01A-11R-A144-07
TCGA-E2-A1IH-01A-11R-A13Q-07
TCGA-E2-A1II-01A-11R-A144-07
TCGA-E2-A1IJ-01A-11R-A144-07
TCGA-E2-A1IK-01A-11R-A144-07
TCGA-E2-A1IL-01A-11R-A14D-07
TCGA-E2-A1IN-01A-11R-A13Q-07
TCGA-E2-A1IO-01A-11R-A144-07
TCGA-E2-A1IU-01A-11R-A14D-07
TCGA-E2-A1L6-01A-11R-A13Q-07
TCGA-E2-A1L8-01A-11R-A13Q-07
TCGA-E2-A1L9-01A-11R-A13Q-07
TCGA-E2-A1LA-01A-11R-A144-07
TCGA-E2-A1LG-01A-21R-A14M-07
TCGA-E2-A1LH-11A-22R-A14D-07
TCGA-E2-A1LH-01A-11R-A14D-07
TCGA-E2-A1LI-01A-12R-A157-07
TCGA-E2-A1LK-01A-21R-A14D-07
TCGA-E2-A1LL-01A-11R-A144-07
TCGA-E2-A2P5-01A-11R-A19W-07
TCGA-E2-A2P6-01A-11R-A19W-07
TCGA-E2-A3DX-01A-21R-A213-07
TCGA-E2-A56Z-01A-12R-A29R-07
TCGA-E2-A570-01A-11R-A29R-07
TCGA-E2-A573-01A-11R-A29R-07
TCGA-E2-A574-01A-11R-A29R-07
TCGA-E9-A1N4-11A-33R-A14M-07
TCGA-E9-A1N4-01A-11R-A14M-07
TCGA-E9-A1N5-11A-41R-A14D-07
TCGA-E9-A1N5-01A-11R-A14D-07
TCGA-E9-A1N8-01A-11R-A144-07
TCGA-E9-A1N9-11A-71R-A14D-07
TCGA-E9-A1N9-01A-11R-A14D-07
TCGA-E9-A1NA-11A-33R-A144-07
TCGA-E9-A1NA-01A-11R-A144-07
TCGA-E9-A1ND-11A-43R-A144-07
TCGA-E9-A1ND-01A-11R-A144-07
TCGA-E9-A1NE-01A-21R-A14M-07
TCGA-E9-A1NF-11A-73R-A14D-07
TCGA-E9-A1NF-01A-11R-A14D-07
TCGA-E9-A1NG-11A-52R-A14M-07
TCGA-E9-A1NG-01A-21R-A14M-07
TCGA-E9-A1NH-01A-11R-A14D-07
TCGA-E9-A1NI-01A-11R-A14D-07
TCGA-E9-A1R2-01A-11R-A14D-07
TCGA-E9-A227-01A-11R-A157-07
TCGA-E9-A22A-01A-11R-A157-07
TCGA-E9-A22B-01A-11R-A157-07
TCGA-E9-A22D-01A-11R-A157-07
TCGA-E9-A22E-01A-11R-A157-07
TCGA-E9-A22G-01A-11R-A157-07
TCGA-E9-A22H-01A-11R-A157-07
TCGA-E9-A243-01A-21R-A169-07
TCGA-E9-A244-01A-11R-A169-07
TCGA-E9-A295-01A-11R-A16F-07
TCGA-E9-A3Q9-01A-11R-A21T-07
TCGA-E9-A3QA-01A-61R-A22K-07
TCGA-E9-A3X8-01A-31R-A22U-07
TCGA-E9-A54X-01A-11R-A266-07
TCGA-EW-A1IW-01A-11R-A13Q-07
TCGA-EW-A1IX-01A-12R-A144-07
TCGA-EW-A1IY-01A-11R-A13Q-07
TCGA-EW-A1J1-01A-11R-A13Q-07
TCGA-EW-A1J2-01A-21R-A13Q-07
TCGA-EW-A1J3-01A-11R-A13Q-07
TCGA-EW-A1J6-01A-11R-A13Q-07
TCGA-EW-A1OX-01A-11R-A144-07
TCGA-EW-A1OY-01A-11R-A144-07
TCGA-EW-A1OZ-01A-11R-A144-07
TCGA-EW-A1P0-01A-11R-A144-07
TCGA-EW-A1P3-01A-11R-A144-07
TCGA-EW-A1P4-01A-21R-A144-07
TCGA-EW-A1P5-01A-11R-A144-07
TCGA-EW-A1P6-01A-11R-A144-07
TCGA-EW-A1P8-01A-11R-A144-07
TCGA-EW-A1PA-01A-11R-A144-07
TCGA-EW-A1PB-01A-11R-A144-07
TCGA-EW-A1PC-01B-11R-A21T-07
TCGA-EW-A1PD-01A-11R-A144-07
TCGA-EW-A1PE-01A-11R-A144-07
TCGA-EW-A1PG-01A-11R-A144-07
TCGA-EW-A1PH-01A-11R-A14M-07
TCGA-EW-A2FS-01A-11R-A17B-07
TCGA-EW-A2FV-01A-11R-A17B-07
TCGA-EW-A2FW-01A-11R-A17B-07
TCGA-EW-A3E8-01B-11R-A24H-07
TCGA-EW-A3U0-01A-11R-A22K-07
TCGA-EW-A423-01A-11R-A24H-07
TCGA-GI-A2C8-11A-22R-A16F-07
TCGA-GI-A2C8-01A-11R-A16F-07
TCGA-GI-A2C9-11A-22R-A21T-07
TCGA-GI-A2C9-01A-11R-A21T-07
TCGA-GM-A2D9-01A-11R-A18M-07
TCGA-GM-A2DA-01A-11R-A18M-07
TCGA-GM-A2DC-01A-11R-A18M-07
TCGA-GM-A2DF-01A-11R-A180-07
TCGA-GM-A2DK-01A-21R-A180-07
TCGA-GM-A2DL-01A-11R-A18M-07
TCGA-GM-A2DM-01A-11R-A180-07
TCGA-GM-A2DN-01A-11R-A180-07
TCGA-GM-A2DO-01A-11R-A18M-07
TCGA-GM-A3NY-01A-11R-A21T-07
TCGA-GM-A3XG-01A-31R-A24H-07
TCGA-GM-A3XL-01A-11R-A22U-07
TCGA-GM-A3XN-01A-12R-A22U-07
TCGA-GM-A4E0-01A-12R-A266-07
TCGA-HN-A2NL-01A-11R-A18M-07
TCGA-JL-A3YW-01A-12R-A239-07
TCGA-JL-A3YX-01A-11R-A22U-07
TCGA-LL-A440-01A-11R-A24H-07
TCGA-LL-A50Y-01A-11R-A266-07
TCGA-LL-A5YL-01A-12R-A29R-07
TCGA-LL-A5YM-01A-11R-A28M-07
TCGA-LL-A5YN-01A-11R-A28M-07
TCGA-LQ-A4E4-01A-11R-A266-07
TCGA-MS-A51U-01A-31R-A266-07
TCGA-OL-A66H-01A-11R-A29R-07
TCGA-OL-A66I-01A-21R-A29R-07
TCGA-OL-A66J-01A-11R-A29R-07
TCGA-OL-A66K-01A-11R-A29R-07
